[0.703s] DEBUG:colcon:Command line arguments: ['/usr/bin/colcon', 'list', '-p', '--base-paths', '/home/pope/ros2_ws1/src', '--log-base', '/dev/null']
[0.704s] DEBUG:colcon:Parsed command line arguments: Namespace(log_base=None, log_level=None, verb_name='list', build_base='build', ignore_user_meta=False, metas=['./colcon.meta'], base_paths=['/home/pope/ros2_ws1/src', '--log-base', '/dev/null'], packages_ignore=None, packages_ignore_regex=None, paths=None, packages_up_to=None, packages_up_to_regex=None, packages_above=None, packages_above_and_dependencies=None, packages_above_depth=None, packages_select_by_dep=None, packages_skip_by_dep=None, packages_skip_up_to=None, packages_select_build_failed=False, packages_skip_build_finished=False, packages_select_test_failures=False, packages_skip_test_passed=False, packages_select=None, packages_skip=None, packages_select_regex=None, packages_skip_regex=None, packages_start=None, packages_end=None, allow_overriding=[], topological_order=False, names_only=False, paths_only=True, topological_graph=False, topological_graph_dot=False, topological_graph_density=False, topological_graph_legend=False, topological_graph_dot_cluster=False, topological_graph_dot_include_skipped=False, mixin_files=None, mixin=None, verb_parser=<colcon_mixin.mixin.mixin_argument.MixinArgumentDecorator object at 0x73d0d3c89790>, verb_extension=<colcon_package_information.verb.list.ListVerb object at 0x73d0d3c88bf0>, main=<bound method ListVerb.main of <colcon_package_information.verb.list.ListVerb object at 0x73d0d3c88bf0>>, mixin_verb=('list',))
[1.141s] Level 1:colcon.colcon_core.package_discovery:discover_packages(colcon_meta) check parameters
[1.142s] Level 1:colcon.colcon_core.package_discovery:discover_packages(recursive) check parameters
[1.142s] Level 1:colcon.colcon_core.package_discovery:discover_packages(ignore) check parameters
[1.142s] Level 1:colcon.colcon_core.package_discovery:discover_packages(path) check parameters
[1.142s] Level 1:colcon.colcon_core.package_discovery:discover_packages(recursive) discover
[1.143s] INFO:colcon.colcon_core.package_discovery:Crawling recursively for packages in '/home/pope/ros2_ws1/src', '/home/pope/ros2_ws1/src/--log-base', '/dev/null'
[1.144s] Level 1:colcon.colcon_core.package_identification:_identify(/home/pope/ros2_ws1/src) by extensions ['ignore', 'ignore_ament_install']
[1.145s] Level 1:colcon.colcon_core.package_identification:_identify(/home/pope/ros2_ws1/src) by extension 'ignore'
[1.145s] Level 1:colcon.colcon_core.package_identification:_identify(/home/pope/ros2_ws1/src) by extension 'ignore_ament_install'
[1.146s] Level 1:colcon.colcon_core.package_identification:_identify(/home/pope/ros2_ws1/src) by extensions ['colcon_pkg']
[1.147s] Level 1:colcon.colcon_core.package_identification:_identify(/home/pope/ros2_ws1/src) by extension 'colcon_pkg'
[1.147s] Level 1:colcon.colcon_core.package_identification:_identify(/home/pope/ros2_ws1/src) by extensions ['colcon_meta']
[1.148s] Level 1:colcon.colcon_core.package_identification:_identify(/home/pope/ros2_ws1/src) by extension 'colcon_meta'
[1.148s] Level 1:colcon.colcon_core.package_identification:_identify(/home/pope/ros2_ws1/src) by extensions ['ros']
[1.148s] Level 1:colcon.colcon_core.package_identification:_identify(/home/pope/ros2_ws1/src) by extension 'ros'
[1.481s] Level 1:colcon.colcon_core.package_identification:_identify(/home/pope/ros2_ws1/src) by extensions ['cmake', 'python']
[1.481s] Level 1:colcon.colcon_core.package_identification:_identify(/home/pope/ros2_ws1/src) by extension 'cmake'
[1.482s] Level 1:colcon.colcon_core.package_identification:_identify(/home/pope/ros2_ws1/src) by extension 'python'
[1.482s] Level 1:colcon.colcon_core.package_identification:_identify(/home/pope/ros2_ws1/src) by extensions ['python_setup_py']
[1.485s] Level 1:colcon.colcon_core.package_identification:_identify(/home/pope/ros2_ws1/src) by extension 'python_setup_py'
[1.487s] Level 1:colcon.colcon_core.package_identification:_identify(/home/pope/ros2_ws1/src/log) by extensions ['ignore', 'ignore_ament_install']
[1.488s] Level 1:colcon.colcon_core.package_identification:_identify(/home/pope/ros2_ws1/src/log) by extension 'ignore'
[1.488s] Level 1:colcon.colcon_core.package_identification:_identify(/home/pope/ros2_ws1/src/log) ignored
[1.490s] Level 1:colcon.colcon_core.package_identification:_identify(/home/pope/ros2_ws1/src/my_robot_description) by extensions ['ignore', 'ignore_ament_install']
[1.490s] Level 1:colcon.colcon_core.package_identification:_identify(/home/pope/ros2_ws1/src/my_robot_description) by extension 'ignore'
[1.491s] Level 1:colcon.colcon_core.package_identification:_identify(/home/pope/ros2_ws1/src/my_robot_description) by extension 'ignore_ament_install'
[1.491s] Level 1:colcon.colcon_core.package_identification:_identify(/home/pope/ros2_ws1/src/my_robot_description) by extensions ['colcon_pkg']
[1.492s] Level 1:colcon.colcon_core.package_identification:_identify(/home/pope/ros2_ws1/src/my_robot_description) by extension 'colcon_pkg'
[1.493s] Level 1:colcon.colcon_core.package_identification:_identify(/home/pope/ros2_ws1/src/my_robot_description) by extensions ['colcon_meta']
[1.493s] Level 1:colcon.colcon_core.package_identification:_identify(/home/pope/ros2_ws1/src/my_robot_description) by extension 'colcon_meta'
[1.493s] Level 1:colcon.colcon_core.package_identification:_identify(/home/pope/ros2_ws1/src/my_robot_description) by extensions ['ros']
[1.493s] Level 1:colcon.colcon_core.package_identification:_identify(/home/pope/ros2_ws1/src/my_robot_description) by extension 'ros'
[1.514s] DEBUG:colcon.colcon_core.package_identification:Package '/home/pope/ros2_ws1/src/my_robot_description' with type 'ros.ament_cmake' and name 'my_robot_description'
[1.515s] Level 1:colcon.colcon_core.package_discovery:discover_packages(recursive) using defaults
